2023-05-13 10:26:34,312 DEBUG o.j.l.LoggerProviders [background-preinit] Logging Provider: org.jboss.logging.Slf4jLoggerProvider found via system property
2023-05-13 10:26:35,213 INFO o.s.b.StartupInfoLogger [main] Starting CarsApiApplication using Java 17.0.7 with PID 1180 (C:\Users\santi\Desktop\Prácticas 2º Cuatrimestre\API\CarsApi-develop\target\classes started by santi in C:\Users\santi\Desktop\Prácticas 2º Cuatrimestre\API\CarsApi-develop)
2023-05-13 10:26:35,216 DEBUG o.s.b.StartupInfoLogger [main] Running with Spring Boot v3.0.1, Spring v6.0.3
2023-05-13 10:26:35,218 INFO o.s.b.SpringApplication [main] No active profile set, falling back to 1 default profile: "default"
2023-05-13 10:26:42,383 INFO o.a.j.l.DirectJDKLog [main] Initializing ProtocolHandler ["http-nio-8080"]
2023-05-13 10:26:42,438 INFO o.a.j.l.DirectJDKLog [main] Starting service [Tomcat]
2023-05-13 10:26:42,440 INFO o.a.j.l.DirectJDKLog [main] Starting Servlet engine: [Apache Tomcat/10.1.4]
2023-05-13 10:26:43,230 INFO o.a.j.l.DirectJDKLog [main] Initializing Spring embedded WebApplicationContext
2023-05-13 10:26:43,675 DEBUG c.z.h.HikariConfig [main] Driver class com.mysql.cj.jdbc.Driver found in Thread context class loader jdk.internal.loader.ClassLoaders$AppClassLoader@2a139a55
2023-05-13 10:26:45,362 WARN o.h.b.i.MetadataBuilderImpl$MetadataBuildingOptionsImpl [main] HHH90000021: Encountered deprecated setting [javax.persistence.sharedCache.mode], use [jakarta.persistence.sharedCache.mode] instead
2023-05-13 10:26:45,837 DEBUG c.z.h.HikariConfig [main] HikariPool-1 - configuration:
2023-05-13 10:26:45,873 DEBUG c.z.h.HikariConfig [main] allowPoolSuspension.............false
2023-05-13 10:26:45,881 DEBUG c.z.h.HikariConfig [main] autoCommit......................true
2023-05-13 10:26:45,883 DEBUG c.z.h.HikariConfig [main] catalog.........................none
2023-05-13 10:26:45,888 DEBUG c.z.h.HikariConfig [main] connectionInitSql...............none
2023-05-13 10:26:45,895 DEBUG c.z.h.HikariConfig [main] connectionTestQuery.............none
2023-05-13 10:26:45,900 DEBUG c.z.h.HikariConfig [main] connectionTimeout...............30000
2023-05-13 10:26:45,901 DEBUG c.z.h.HikariConfig [main] dataSource......................none
2023-05-13 10:26:45,903 DEBUG c.z.h.HikariConfig [main] dataSourceClassName.............none
2023-05-13 10:26:45,906 DEBUG c.z.h.HikariConfig [main] dataSourceJNDI..................none
2023-05-13 10:26:45,908 DEBUG c.z.h.HikariConfig [main] dataSourceProperties............{password=<masked>}
2023-05-13 10:26:45,910 DEBUG c.z.h.HikariConfig [main] driverClassName................."com.mysql.cj.jdbc.Driver"
2023-05-13 10:26:45,912 DEBUG c.z.h.HikariConfig [main] exceptionOverrideClassName......none
2023-05-13 10:26:45,913 DEBUG c.z.h.HikariConfig [main] healthCheckProperties...........{}
2023-05-13 10:26:45,913 DEBUG c.z.h.HikariConfig [main] healthCheckRegistry.............none
2023-05-13 10:26:45,915 DEBUG c.z.h.HikariConfig [main] idleTimeout.....................600000
2023-05-13 10:26:45,928 DEBUG c.z.h.HikariConfig [main] initializationFailTimeout.......1
2023-05-13 10:26:45,972 DEBUG c.z.h.HikariConfig [main] isolateInternalQueries..........false
2023-05-13 10:26:45,983 DEBUG c.z.h.HikariConfig [main] jdbcUrl.........................jdbc:mysql://localhost:3306/carsapidb
2023-05-13 10:26:45,992 DEBUG c.z.h.HikariConfig [main] keepaliveTime...................0
2023-05-13 10:26:45,995 DEBUG c.z.h.HikariConfig [main] leakDetectionThreshold..........0
2023-05-13 10:26:45,997 DEBUG c.z.h.HikariConfig [main] maxLifetime.....................1800000
2023-05-13 10:26:46,000 DEBUG c.z.h.HikariConfig [main] maximumPoolSize.................10
2023-05-13 10:26:46,003 DEBUG c.z.h.HikariConfig [main] metricRegistry..................none
2023-05-13 10:26:46,049 DEBUG c.z.h.HikariConfig [main] metricsTrackerFactory...........none
2023-05-13 10:26:46,072 DEBUG c.z.h.HikariConfig [main] minimumIdle.....................10
2023-05-13 10:26:46,087 DEBUG c.z.h.HikariConfig [main] password........................<masked>
2023-05-13 10:26:46,107 DEBUG c.z.h.HikariConfig [main] poolName........................"HikariPool-1"
2023-05-13 10:26:46,121 DEBUG c.z.h.HikariConfig [main] readOnly........................false
2023-05-13 10:26:46,123 DEBUG c.z.h.HikariConfig [main] registerMbeans..................false
2023-05-13 10:26:46,130 DEBUG c.z.h.HikariConfig [main] scheduledExecutor...............none
2023-05-13 10:26:46,137 DEBUG c.z.h.HikariConfig [main] schema..........................none
2023-05-13 10:26:46,148 DEBUG c.z.h.HikariConfig [main] threadFactory...................internal
2023-05-13 10:26:46,157 DEBUG c.z.h.HikariConfig [main] transactionIsolation............default
2023-05-13 10:26:46,175 DEBUG c.z.h.HikariConfig [main] username........................"root"
2023-05-13 10:26:46,182 DEBUG c.z.h.HikariConfig [main] validationTimeout...............5000
2023-05-13 10:26:46,188 INFO c.z.h.HikariDataSource [main] HikariPool-1 - Starting...
2023-05-13 10:26:47,137 INFO c.z.h.p.HikariPool [main] HikariPool-1 - Added connection com.mysql.cj.jdbc.ConnectionImpl@64dc86c6
2023-05-13 10:26:47,148 INFO c.z.h.HikariDataSource [main] HikariPool-1 - Start completed.
2023-05-13 10:26:47,260 DEBUG c.z.h.p.HikariPool [HikariPool-1 housekeeper] HikariPool-1 - Pool stats (total=1, active=1, idle=0, waiting=0)
2023-05-13 10:26:47,305 DEBUG c.z.h.p.HikariPool$PoolEntryCreator [HikariPool-1 connection adder] HikariPool-1 - Added connection com.mysql.cj.jdbc.ConnectionImpl@2d4f4929
2023-05-13 10:26:47,336 INFO o.h.e.j.d.i.DialectFactoryImpl [main] HHH000400: Using dialect: org.hibernate.dialect.MySQLDialect
2023-05-13 10:26:47,376 DEBUG c.z.h.p.HikariPool$PoolEntryCreator [HikariPool-1 connection adder] HikariPool-1 - Added connection com.mysql.cj.jdbc.ConnectionImpl@6c724312
2023-05-13 10:26:47,498 DEBUG c.z.h.p.HikariPool$PoolEntryCreator [HikariPool-1 connection adder] HikariPool-1 - Added connection com.mysql.cj.jdbc.ConnectionImpl@5d542a3f
2023-05-13 10:26:47,531 DEBUG c.z.h.p.HikariPool$PoolEntryCreator [HikariPool-1 connection adder] HikariPool-1 - Added connection com.mysql.cj.jdbc.ConnectionImpl@c5dbc5d
2023-05-13 10:26:47,555 DEBUG c.z.h.p.HikariPool$PoolEntryCreator [HikariPool-1 connection adder] HikariPool-1 - Added connection com.mysql.cj.jdbc.ConnectionImpl@53601c0b
2023-05-13 10:26:47,602 DEBUG c.z.h.p.HikariPool$PoolEntryCreator [HikariPool-1 connection adder] HikariPool-1 - Added connection com.mysql.cj.jdbc.ConnectionImpl@81344b1
2023-05-13 10:26:47,625 DEBUG c.z.h.p.HikariPool$PoolEntryCreator [HikariPool-1 connection adder] HikariPool-1 - Added connection com.mysql.cj.jdbc.ConnectionImpl@2c319ae1
2023-05-13 10:26:47,650 DEBUG c.z.h.p.HikariPool$PoolEntryCreator [HikariPool-1 connection adder] HikariPool-1 - Added connection com.mysql.cj.jdbc.ConnectionImpl@61e4bd5b
2023-05-13 10:26:47,718 DEBUG c.z.h.p.HikariPool$PoolEntryCreator [HikariPool-1 connection adder] HikariPool-1 - Added connection com.mysql.cj.jdbc.ConnectionImpl@5498e3c6
2023-05-13 10:26:47,751 DEBUG c.z.h.p.HikariPool [HikariPool-1 connection adder] HikariPool-1 - After adding stats (total=10, active=0, idle=10, waiting=0)
2023-05-13 10:26:54,868 WARN o.s.b.a.o.j.JpaBaseConfiguration$JpaWebConfiguration [main] spring.jpa.open-in-view is enabled by default. Therefore, database queries may be performed during view rendering. Explicitly configure spring.jpa.open-in-view to disable this warning
2023-05-13 10:26:55,837 DEBUG o.s.w.s.h.AbstractHandlerMethodMapping [main] 
	c.s.c.c.AlquilerController:
	{GET [/alquiler/{id}]}: getAlquiler(long)
	{GET [/alquileres]}: getAlquiler()
	{PUT [/alquileres/{id}]}: modificarAlquiler(long,Alquiler)
	{DELETE [/alquileres/{id}]}: eliminarAlquiler(long)
	{POST [/alquiler]}: addRent(AlquilerDTO)
2023-05-13 10:26:55,902 DEBUG o.s.w.s.h.AbstractHandlerMethodMapping [main] 
	c.s.c.c.CiudadController:
	{POST [/ciudades]}: añadirCiudad(Ciudad)
	{GET [/ciudades]}: getCiudades()
	{GET [/ciudad/{id}]}: getCiudad(long)
	{DELETE [/ciudades/{id}]}: eliminarCiudad(long)
	{PUT [/ciudades/{id}]}: modificarCiudad(long,Ciudad)
2023-05-13 10:26:55,921 DEBUG o.s.w.s.h.AbstractHandlerMethodMapping [main] 
	c.s.c.c.CocheController:
	{DELETE [/coches/{id}]}: eliminarCoche(long)
	{POST [/coches]}: añadirCoche(Coche)
	{PUT [/coches/{id}]}: modificarCoche(long,Coche)
	{GET [/coches]}: getCoches(String,String,String,boolean)
	{GET [/coches/{id}]}: getCoche(long)
2023-05-13 10:26:55,932 DEBUG o.s.w.s.h.AbstractHandlerMethodMapping [main] 
	c.s.c.c.OficinaController:
	{DELETE [/oficinas/{id}]}: eliminarOficina(long)
	{GET [/oficinas]}: getOficina(String)
	{GET [/oficinas/{id}]}: getOficina(long)
	{PUT [/oficinas/{id}]}: modificarOficina(long,Oficina)
	{POST [/oficinas]}: addOffice(OficinaDTO)
2023-05-13 10:26:55,944 DEBUG o.s.w.s.h.AbstractHandlerMethodMapping [main] 
	c.s.c.c.UsuarioController:
	{POST [/usuarios]}: añadirUsuario(Usuario)
	{GET [/usuarios/{id}]}: getUsuario(long)
	{DELETE [/usuarios/{id}]}: eliminarUsuario(long)
	{PUT [/usuarios/{id}]}: modificarUsuario(long,Usuario)
	{GET [/usuarios/dni/{dni}]}: getUsuarioByDni(String)
	{GET [/usuarios]}: getUsuarios()
2023-05-13 10:26:55,968 DEBUG o.s.w.s.h.AbstractHandlerMethodMapping [main] 
	o.s.b.a.w.s.e.BasicErrorController:
	{ [/error]}: error(HttpServletRequest)
	{ [/error], produces [text/html]}: errorHtml(HttpServletRequest,HttpServletResponse)
2023-05-13 10:26:56,187 DEBUG o.s.w.s.h.AbstractDetectingUrlHandlerMapping [main] 'beanNameHandlerMapping' {}
2023-05-13 10:26:56,294 DEBUG o.s.w.s.h.SimpleUrlHandlerMapping [main] 'resourceHandlerMapping' {/webjars/**=ResourceHttpRequestHandler [classpath [META-INF/resources/webjars/]], /**=ResourceHttpRequestHandler [classpath [META-INF/resources/], classpath [resources/], classpath [static/], classpath [public/], ServletContext [/]]}
2023-05-13 10:26:57,657 INFO o.a.j.l.DirectJDKLog [main] Starting ProtocolHandler ["http-nio-8080"]
2023-05-13 10:26:57,855 INFO o.s.b.StartupInfoLogger [main] Started CarsApiApplication in 25.261 seconds (process running for 27.755)
2023-05-13 10:27:17,287 DEBUG c.z.h.p.HikariPool [HikariPool-1 housekeeper] HikariPool-1 - Pool stats (total=10, active=0, idle=10, waiting=0)
2023-05-13 10:27:17,304 DEBUG c.z.h.p.HikariPool [HikariPool-1 housekeeper] HikariPool-1 - Fill pool skipped, pool has sufficient level or currently being filled (queueDepth=0).
2023-05-13 10:27:47,338 DEBUG c.z.h.p.HikariPool [HikariPool-1 housekeeper] HikariPool-1 - Pool stats (total=10, active=0, idle=10, waiting=0)
2023-05-13 10:27:47,346 DEBUG c.z.h.p.HikariPool [HikariPool-1 housekeeper] HikariPool-1 - Fill pool skipped, pool has sufficient level or currently being filled (queueDepth=0).
2023-05-13 10:28:17,359 DEBUG c.z.h.p.HikariPool [HikariPool-1 housekeeper] HikariPool-1 - Pool stats (total=10, active=0, idle=10, waiting=0)
2023-05-13 10:28:17,362 DEBUG c.z.h.p.HikariPool [HikariPool-1 housekeeper] HikariPool-1 - Fill pool skipped, pool has sufficient level or currently being filled (queueDepth=0).
2023-05-13 10:28:47,373 DEBUG c.z.h.p.HikariPool [HikariPool-1 housekeeper] HikariPool-1 - Pool stats (total=10, active=0, idle=10, waiting=0)
2023-05-13 10:28:47,375 DEBUG c.z.h.p.HikariPool [HikariPool-1 housekeeper] HikariPool-1 - Fill pool skipped, pool has sufficient level or currently being filled (queueDepth=0).
2023-05-13 10:29:17,377 DEBUG c.z.h.p.HikariPool [HikariPool-1 housekeeper] HikariPool-1 - Pool stats (total=10, active=0, idle=10, waiting=0)
2023-05-13 10:29:17,384 DEBUG c.z.h.p.HikariPool [HikariPool-1 housekeeper] HikariPool-1 - Fill pool skipped, pool has sufficient level or currently being filled (queueDepth=0).
2023-05-13 10:29:47,391 DEBUG c.z.h.p.HikariPool [HikariPool-1 housekeeper] HikariPool-1 - Pool stats (total=10, active=0, idle=10, waiting=0)
2023-05-13 10:29:47,394 DEBUG c.z.h.p.HikariPool [HikariPool-1 housekeeper] HikariPool-1 - Fill pool skipped, pool has sufficient level or currently being filled (queueDepth=0).
2023-05-13 10:30:17,399 DEBUG c.z.h.p.HikariPool [HikariPool-1 housekeeper] HikariPool-1 - Pool stats (total=10, active=0, idle=10, waiting=0)
2023-05-13 10:30:17,400 DEBUG c.z.h.p.HikariPool [HikariPool-1 housekeeper] HikariPool-1 - Fill pool skipped, pool has sufficient level or currently being filled (queueDepth=0).
2023-05-13 10:30:47,409 DEBUG c.z.h.p.HikariPool [HikariPool-1 housekeeper] HikariPool-1 - Pool stats (total=10, active=0, idle=10, waiting=0)
2023-05-13 10:30:47,411 DEBUG c.z.h.p.HikariPool [HikariPool-1 housekeeper] HikariPool-1 - Fill pool skipped, pool has sufficient level or currently being filled (queueDepth=0).
2023-05-13 10:31:17,424 DEBUG c.z.h.p.HikariPool [HikariPool-1 housekeeper] HikariPool-1 - Pool stats (total=10, active=0, idle=10, waiting=0)
2023-05-13 10:31:17,426 DEBUG c.z.h.p.HikariPool [HikariPool-1 housekeeper] HikariPool-1 - Fill pool skipped, pool has sufficient level or currently being filled (queueDepth=0).
2023-05-13 10:31:47,438 DEBUG c.z.h.p.HikariPool [HikariPool-1 housekeeper] HikariPool-1 - Pool stats (total=10, active=0, idle=10, waiting=0)
2023-05-13 10:31:47,440 DEBUG c.z.h.p.HikariPool [HikariPool-1 housekeeper] HikariPool-1 - Fill pool skipped, pool has sufficient level or currently being filled (queueDepth=0).
2023-05-13 10:32:17,450 DEBUG c.z.h.p.HikariPool [HikariPool-1 housekeeper] HikariPool-1 - Pool stats (total=10, active=0, idle=10, waiting=0)
2023-05-13 10:32:17,455 DEBUG c.z.h.p.HikariPool [HikariPool-1 housekeeper] HikariPool-1 - Fill pool skipped, pool has sufficient level or currently being filled (queueDepth=0).
2023-05-13 10:32:47,458 DEBUG c.z.h.p.HikariPool [HikariPool-1 housekeeper] HikariPool-1 - Pool stats (total=10, active=0, idle=10, waiting=0)
2023-05-13 10:32:47,459 DEBUG c.z.h.p.HikariPool [HikariPool-1 housekeeper] HikariPool-1 - Fill pool skipped, pool has sufficient level or currently being filled (queueDepth=0).
2023-05-13 10:33:17,476 DEBUG c.z.h.p.HikariPool [HikariPool-1 housekeeper] HikariPool-1 - Pool stats (total=10, active=0, idle=10, waiting=0)
2023-05-13 10:33:17,478 DEBUG c.z.h.p.HikariPool [HikariPool-1 housekeeper] HikariPool-1 - Fill pool skipped, pool has sufficient level or currently being filled (queueDepth=0).
2023-05-13 10:33:47,493 DEBUG c.z.h.p.HikariPool [HikariPool-1 housekeeper] HikariPool-1 - Pool stats (total=10, active=0, idle=10, waiting=0)
2023-05-13 10:33:47,496 DEBUG c.z.h.p.HikariPool [HikariPool-1 housekeeper] HikariPool-1 - Fill pool skipped, pool has sufficient level or currently being filled (queueDepth=0).
2023-05-13 10:34:17,505 DEBUG c.z.h.p.HikariPool [HikariPool-1 housekeeper] HikariPool-1 - Pool stats (total=10, active=0, idle=10, waiting=0)
2023-05-13 10:34:17,509 DEBUG c.z.h.p.HikariPool [HikariPool-1 housekeeper] HikariPool-1 - Fill pool skipped, pool has sufficient level or currently being filled (queueDepth=0).
2023-05-13 10:34:36,666 INFO o.a.j.l.DirectJDKLog [http-nio-8080-exec-1] Initializing Spring DispatcherServlet 'dispatcherServlet'
2023-05-13 10:34:36,830 INFO c.s.c.c.CocheController [http-nio-8080-exec-2] llamada al método listar coches
2023-05-13 10:34:36,834 INFO c.s.c.c.CocheController [http-nio-8080-exec-2] Mostrado de todos los coches
2023-05-13 10:34:36,832 INFO c.s.c.c.CocheController [http-nio-8080-exec-1] llamada al método listar coches
2023-05-13 10:34:36,854 INFO c.s.c.c.CocheController [http-nio-8080-exec-1] Mostrado de todos los coches
2023-05-13 10:34:37,215 INFO c.s.c.c.CocheController [http-nio-8080-exec-2] Fin getBikes
2023-05-13 10:34:37,215 INFO c.s.c.c.CocheController [http-nio-8080-exec-1] Fin getBikes
2023-05-13 10:34:47,520 DEBUG c.z.h.p.HikariPool [HikariPool-1 housekeeper] HikariPool-1 - Pool stats (total=10, active=0, idle=10, waiting=0)
2023-05-13 10:34:47,521 DEBUG c.z.h.p.HikariPool [HikariPool-1 housekeeper] HikariPool-1 - Fill pool skipped, pool has sufficient level or currently being filled (queueDepth=0).
2023-05-13 10:35:17,532 DEBUG c.z.h.p.HikariPool [HikariPool-1 housekeeper] HikariPool-1 - Pool stats (total=10, active=0, idle=10, waiting=0)
2023-05-13 10:35:17,533 DEBUG c.z.h.p.HikariPool [HikariPool-1 housekeeper] HikariPool-1 - Fill pool skipped, pool has sufficient level or currently being filled (queueDepth=0).
2023-05-13 10:35:47,541 DEBUG c.z.h.p.HikariPool [HikariPool-1 housekeeper] HikariPool-1 - Pool stats (total=10, active=0, idle=10, waiting=0)
2023-05-13 10:35:47,543 DEBUG c.z.h.p.HikariPool [HikariPool-1 housekeeper] HikariPool-1 - Fill pool skipped, pool has sufficient level or currently being filled (queueDepth=0).
2023-05-13 10:36:17,548 DEBUG c.z.h.p.HikariPool [HikariPool-1 housekeeper] HikariPool-1 - Pool stats (total=10, active=0, idle=10, waiting=0)
2023-05-13 10:36:17,552 DEBUG c.z.h.p.HikariPool [HikariPool-1 housekeeper] HikariPool-1 - Fill pool skipped, pool has sufficient level or currently being filled (queueDepth=0).
2023-05-13 10:36:47,581 DEBUG c.z.h.p.HikariPool [HikariPool-1 housekeeper] HikariPool-1 - Pool stats (total=10, active=0, idle=10, waiting=0)
2023-05-13 10:36:47,588 DEBUG c.z.h.p.HikariPool [HikariPool-1 housekeeper] HikariPool-1 - Fill pool skipped, pool has sufficient level or currently being filled (queueDepth=0).
2023-05-13 10:37:17,599 DEBUG c.z.h.p.HikariPool [HikariPool-1 housekeeper] HikariPool-1 - Pool stats (total=10, active=0, idle=10, waiting=0)
2023-05-13 10:37:17,607 DEBUG c.z.h.p.HikariPool [HikariPool-1 housekeeper] HikariPool-1 - Fill pool skipped, pool has sufficient level or currently being filled (queueDepth=0).
2023-05-13 10:37:47,623 DEBUG c.z.h.p.HikariPool [HikariPool-1 housekeeper] HikariPool-1 - Pool stats (total=10, active=0, idle=10, waiting=0)
2023-05-13 10:37:47,624 DEBUG c.z.h.p.HikariPool [HikariPool-1 housekeeper] HikariPool-1 - Fill pool skipped, pool has sufficient level or currently being filled (queueDepth=0).
2023-05-13 10:38:17,635 DEBUG c.z.h.p.HikariPool [HikariPool-1 housekeeper] HikariPool-1 - Pool stats (total=10, active=0, idle=10, waiting=0)
2023-05-13 10:38:17,640 DEBUG c.z.h.p.HikariPool [HikariPool-1 housekeeper] HikariPool-1 - Fill pool skipped, pool has sufficient level or currently being filled (queueDepth=0).
2023-05-13 10:38:47,648 DEBUG c.z.h.p.HikariPool [HikariPool-1 housekeeper] HikariPool-1 - Pool stats (total=10, active=0, idle=10, waiting=0)
2023-05-13 10:38:47,650 DEBUG c.z.h.p.HikariPool [HikariPool-1 housekeeper] HikariPool-1 - Fill pool skipped, pool has sufficient level or currently being filled (queueDepth=0).
2023-05-13 10:39:17,665 DEBUG c.z.h.p.HikariPool [HikariPool-1 housekeeper] HikariPool-1 - Pool stats (total=10, active=0, idle=10, waiting=0)
2023-05-13 10:39:17,684 DEBUG c.z.h.p.HikariPool [HikariPool-1 housekeeper] HikariPool-1 - Fill pool skipped, pool has sufficient level or currently being filled (queueDepth=0).
2023-05-13 10:39:47,700 DEBUG c.z.h.p.HikariPool [HikariPool-1 housekeeper] HikariPool-1 - Pool stats (total=10, active=0, idle=10, waiting=0)
2023-05-13 10:39:47,709 DEBUG c.z.h.p.HikariPool [HikariPool-1 housekeeper] HikariPool-1 - Fill pool skipped, pool has sufficient level or currently being filled (queueDepth=0).
2023-05-13 10:40:17,732 DEBUG c.z.h.p.HikariPool [HikariPool-1 housekeeper] HikariPool-1 - Pool stats (total=10, active=0, idle=10, waiting=0)
2023-05-13 10:40:17,735 DEBUG c.z.h.p.HikariPool [HikariPool-1 housekeeper] HikariPool-1 - Fill pool skipped, pool has sufficient level or currently being filled (queueDepth=0).
2023-05-13 10:40:47,746 DEBUG c.z.h.p.HikariPool [HikariPool-1 housekeeper] HikariPool-1 - Pool stats (total=10, active=0, idle=10, waiting=0)
2023-05-13 10:40:47,749 DEBUG c.z.h.p.HikariPool [HikariPool-1 housekeeper] HikariPool-1 - Fill pool skipped, pool has sufficient level or currently being filled (queueDepth=0).
2023-05-13 10:41:17,754 DEBUG c.z.h.p.HikariPool [HikariPool-1 housekeeper] HikariPool-1 - Pool stats (total=10, active=0, idle=10, waiting=0)
2023-05-13 10:41:17,755 DEBUG c.z.h.p.HikariPool [HikariPool-1 housekeeper] HikariPool-1 - Fill pool skipped, pool has sufficient level or currently being filled (queueDepth=0).
2023-05-13 10:41:47,771 DEBUG c.z.h.p.HikariPool [HikariPool-1 housekeeper] HikariPool-1 - Pool stats (total=10, active=0, idle=10, waiting=0)
2023-05-13 10:41:47,775 DEBUG c.z.h.p.HikariPool [HikariPool-1 housekeeper] HikariPool-1 - Fill pool skipped, pool has sufficient level or currently being filled (queueDepth=0).
2023-05-13 10:42:17,789 DEBUG c.z.h.p.HikariPool [HikariPool-1 housekeeper] HikariPool-1 - Pool stats (total=10, active=0, idle=10, waiting=0)
2023-05-13 10:42:17,791 DEBUG c.z.h.p.HikariPool [HikariPool-1 housekeeper] HikariPool-1 - Fill pool skipped, pool has sufficient level or currently being filled (queueDepth=0).
2023-05-13 10:42:23,999 INFO c.s.c.c.CocheController [http-nio-8080-exec-5] Añadiendo un nuevo coche
2023-05-13 10:42:47,799 DEBUG c.z.h.p.HikariPool [HikariPool-1 housekeeper] HikariPool-1 - Pool stats (total=10, active=0, idle=10, waiting=0)
2023-05-13 10:42:47,800 DEBUG c.z.h.p.HikariPool [HikariPool-1 housekeeper] HikariPool-1 - Fill pool skipped, pool has sufficient level or currently being filled (queueDepth=0).
2023-05-13 10:43:17,841 DEBUG c.z.h.p.HikariPool [HikariPool-1 housekeeper] HikariPool-1 - Pool stats (total=10, active=0, idle=10, waiting=0)
2023-05-13 10:43:17,868 DEBUG c.z.h.p.HikariPool [HikariPool-1 housekeeper] HikariPool-1 - Fill pool skipped, pool has sufficient level or currently being filled (queueDepth=0).
2023-05-13 10:43:47,878 DEBUG c.z.h.p.HikariPool [HikariPool-1 housekeeper] HikariPool-1 - Pool stats (total=10, active=0, idle=10, waiting=0)
2023-05-13 10:43:47,882 DEBUG c.z.h.p.HikariPool [HikariPool-1 housekeeper] HikariPool-1 - Fill pool skipped, pool has sufficient level or currently being filled (queueDepth=0).
2023-05-13 10:43:58,389 INFO c.s.c.c.CocheController [http-nio-8080-exec-7] llamada al método listar coches
2023-05-13 10:43:58,390 INFO c.s.c.c.CocheController [http-nio-8080-exec-7] Mostrado de todos los coches
2023-05-13 10:43:58,400 INFO c.s.c.c.CocheController [http-nio-8080-exec-7] Fin getBikes
2023-05-13 10:43:58,452 INFO c.s.c.c.CocheController [http-nio-8080-exec-8] llamada al método listar coches
2023-05-13 10:43:58,454 INFO c.s.c.c.CocheController [http-nio-8080-exec-8] Mostrado de todos los coches
2023-05-13 10:43:58,478 INFO c.s.c.c.CocheController [http-nio-8080-exec-8] Fin getBikes
2023-05-13 10:44:17,895 DEBUG c.z.h.p.HikariPool [HikariPool-1 housekeeper] HikariPool-1 - Pool stats (total=10, active=0, idle=10, waiting=0)
2023-05-13 10:44:17,896 DEBUG c.z.h.p.HikariPool [HikariPool-1 housekeeper] HikariPool-1 - Fill pool skipped, pool has sufficient level or currently being filled (queueDepth=0).
2023-05-13 10:44:37,397 INFO c.s.c.c.CocheController [http-nio-8080-exec-9] llamada al método listar coches
2023-05-13 10:44:37,410 INFO c.s.c.c.CocheController [http-nio-8080-exec-9] Filtrado por brand, model, license
2023-05-13 10:44:37,501 INFO c.s.c.c.CocheController [http-nio-8080-exec-9] Fin getBikes
2023-05-13 10:44:42,012 INFO c.s.c.c.CocheController [http-nio-8080-exec-10] llamada al método listar coches
2023-05-13 10:44:42,015 INFO c.s.c.c.CocheController [http-nio-8080-exec-10] Mostrado de todos los coches
2023-05-13 10:44:42,021 INFO c.s.c.c.CocheController [http-nio-8080-exec-10] Fin getBikes
2023-05-13 10:44:43,255 INFO c.s.c.c.CocheController [http-nio-8080-exec-1] llamada al método listar coches
2023-05-13 10:44:43,257 INFO c.s.c.c.CocheController [http-nio-8080-exec-1] Filtrado por brand, model, license
2023-05-13 10:44:43,264 INFO c.s.c.c.CocheController [http-nio-8080-exec-1] Fin getBikes
2023-05-13 10:44:45,144 INFO c.s.c.c.CocheController [http-nio-8080-exec-2] llamada al método listar coches
2023-05-13 10:44:45,147 INFO c.s.c.c.CocheController [http-nio-8080-exec-2] Mostrado de todos los coches
2023-05-13 10:44:45,159 INFO c.s.c.c.CocheController [http-nio-8080-exec-2] Fin getBikes
2023-05-13 10:44:47,903 DEBUG c.z.h.p.HikariPool [HikariPool-1 housekeeper] HikariPool-1 - Pool stats (total=10, active=0, idle=10, waiting=0)
2023-05-13 10:44:47,904 DEBUG c.z.h.p.HikariPool [HikariPool-1 housekeeper] HikariPool-1 - Fill pool skipped, pool has sufficient level or currently being filled (queueDepth=0).
2023-05-13 10:44:54,796 INFO c.s.c.c.CocheController [http-nio-8080-exec-3] llamada al método listar coches
2023-05-13 10:44:54,866 INFO c.s.c.c.CocheController [http-nio-8080-exec-3] Filtrado por brand, model, license
2023-05-13 10:44:54,910 INFO c.s.c.c.CocheController [http-nio-8080-exec-3] Fin getBikes
2023-05-13 10:44:57,706 INFO c.s.c.c.CocheController [http-nio-8080-exec-4] llamada al método listar coches
2023-05-13 10:44:57,708 INFO c.s.c.c.CocheController [http-nio-8080-exec-4] Filtrado por brand, model, license
2023-05-13 10:44:57,716 INFO c.s.c.c.CocheController [http-nio-8080-exec-4] Fin getBikes
2023-05-13 10:45:17,926 DEBUG c.z.h.p.HikariPool [HikariPool-1 housekeeper] HikariPool-1 - Pool stats (total=10, active=0, idle=10, waiting=0)
2023-05-13 10:45:17,934 DEBUG c.z.h.p.HikariPool [HikariPool-1 housekeeper] HikariPool-1 - Fill pool skipped, pool has sufficient level or currently being filled (queueDepth=0).
2023-05-13 10:45:25,257 INFO c.s.c.c.CocheController [http-nio-8080-exec-5] llamada al método listar coches
2023-05-13 10:45:25,270 INFO c.s.c.c.CocheController [http-nio-8080-exec-5] Mostrado de todos los coches
2023-05-13 10:45:25,285 INFO c.s.c.c.CocheController [http-nio-8080-exec-5] Fin getBikes
2023-05-13 10:45:47,952 DEBUG c.z.h.p.HikariPool [HikariPool-1 housekeeper] HikariPool-1 - Pool stats (total=10, active=0, idle=10, waiting=0)
2023-05-13 10:45:47,957 DEBUG c.z.h.p.HikariPool [HikariPool-1 housekeeper] HikariPool-1 - Fill pool skipped, pool has sufficient level or currently being filled (queueDepth=0).
2023-05-13 10:46:06,246 INFO c.s.c.c.CocheController [http-nio-8080-exec-6] llamada al método listar coches
2023-05-13 10:46:06,252 INFO c.s.c.c.CocheController [http-nio-8080-exec-6] Mostrado de todos los coches
2023-05-13 10:46:06,264 INFO c.s.c.c.CocheController [http-nio-8080-exec-6] Fin getBikes
2023-05-13 10:46:17,975 DEBUG c.z.h.p.HikariPool [HikariPool-1 housekeeper] HikariPool-1 - Pool stats (total=10, active=0, idle=10, waiting=0)
2023-05-13 10:46:17,976 DEBUG c.z.h.p.HikariPool [HikariPool-1 housekeeper] HikariPool-1 - Fill pool skipped, pool has sufficient level or currently being filled (queueDepth=0).
2023-05-13 10:46:26,918 INFO c.s.c.c.CocheController [http-nio-8080-exec-7] obtenido un Id del coche a modificar
2023-05-13 10:46:38,166 INFO c.s.c.c.CocheController [http-nio-8080-exec-8] llamada al método listar coches
2023-05-13 10:46:38,180 INFO c.s.c.c.CocheController [http-nio-8080-exec-8] Mostrado de todos los coches
2023-05-13 10:46:38,266 INFO c.s.c.c.CocheController [http-nio-8080-exec-8] Fin getBikes
2023-05-13 10:46:47,979 DEBUG c.z.h.p.HikariPool [HikariPool-1 housekeeper] HikariPool-1 - Pool stats (total=10, active=0, idle=10, waiting=0)
2023-05-13 10:46:47,980 DEBUG c.z.h.p.HikariPool [HikariPool-1 housekeeper] HikariPool-1 - Fill pool skipped, pool has sufficient level or currently being filled (queueDepth=0).
2023-05-13 10:47:08,090 INFO c.s.c.c.CocheController [http-nio-8080-exec-9] obtenido un Id del coche a modificar
2023-05-13 10:47:13,063 INFO c.s.c.c.CocheController [http-nio-8080-exec-10] llamada al método listar coches
2023-05-13 10:47:13,065 INFO c.s.c.c.CocheController [http-nio-8080-exec-10] Mostrado de todos los coches
2023-05-13 10:47:13,072 INFO c.s.c.c.CocheController [http-nio-8080-exec-10] Fin getBikes
2023-05-13 10:47:17,987 DEBUG c.z.h.p.HikariPool [HikariPool-1 housekeeper] HikariPool-1 - Pool stats (total=10, active=0, idle=10, waiting=0)
2023-05-13 10:47:17,989 DEBUG c.z.h.p.HikariPool [HikariPool-1 housekeeper] HikariPool-1 - Fill pool skipped, pool has sufficient level or currently being filled (queueDepth=0).
2023-05-13 10:47:48,001 DEBUG c.z.h.p.HikariPool [HikariPool-1 housekeeper] HikariPool-1 - Pool stats (total=10, active=0, idle=10, waiting=0)
2023-05-13 10:47:48,002 DEBUG c.z.h.p.HikariPool [HikariPool-1 housekeeper] HikariPool-1 - Fill pool skipped, pool has sufficient level or currently being filled (queueDepth=0).
2023-05-13 10:47:54,771 INFO c.s.c.c.CocheController [http-nio-8080-exec-2] obtenido un Id del coche a modificar
2023-05-13 10:48:03,882 INFO c.s.c.c.CocheController [http-nio-8080-exec-3] llamada al método listar coches
2023-05-13 10:48:03,886 INFO c.s.c.c.CocheController [http-nio-8080-exec-3] Mostrado de todos los coches
2023-05-13 10:48:03,896 INFO c.s.c.c.CocheController [http-nio-8080-exec-3] Fin getBikes
2023-05-13 10:48:18,007 DEBUG c.z.h.p.HikariPool [HikariPool-1 housekeeper] HikariPool-1 - Pool stats (total=10, active=0, idle=10, waiting=0)
2023-05-13 10:48:18,015 DEBUG c.z.h.p.HikariPool [HikariPool-1 housekeeper] HikariPool-1 - Fill pool skipped, pool has sufficient level or currently being filled (queueDepth=0).
2023-05-13 10:48:48,025 DEBUG c.z.h.p.HikariPool [HikariPool-1 housekeeper] HikariPool-1 - Pool stats (total=10, active=0, idle=10, waiting=0)
2023-05-13 10:48:48,032 DEBUG c.z.h.p.HikariPool [HikariPool-1 housekeeper] HikariPool-1 - Fill pool skipped, pool has sufficient level or currently being filled (queueDepth=0).
2023-05-13 10:49:18,048 DEBUG c.z.h.p.HikariPool [HikariPool-1 housekeeper] HikariPool-1 - Pool stats (total=10, active=0, idle=10, waiting=0)
2023-05-13 10:49:18,050 DEBUG c.z.h.p.HikariPool [HikariPool-1 housekeeper] HikariPool-1 - Fill pool skipped, pool has sufficient level or currently being filled (queueDepth=0).
2023-05-13 10:49:48,064 DEBUG c.z.h.p.HikariPool [HikariPool-1 housekeeper] HikariPool-1 - Pool stats (total=10, active=0, idle=10, waiting=0)
2023-05-13 10:49:48,065 DEBUG c.z.h.p.HikariPool [HikariPool-1 housekeeper] HikariPool-1 - Fill pool skipped, pool has sufficient level or currently being filled (queueDepth=0).
2023-05-13 10:50:18,080 DEBUG c.z.h.p.HikariPool [HikariPool-1 housekeeper] HikariPool-1 - Pool stats (total=10, active=0, idle=10, waiting=0)
2023-05-13 10:50:18,084 DEBUG c.z.h.p.HikariPool [HikariPool-1 housekeeper] HikariPool-1 - Fill pool skipped, pool has sufficient level or currently being filled (queueDepth=0).
2023-05-13 10:50:48,090 DEBUG c.z.h.p.HikariPool [HikariPool-1 housekeeper] HikariPool-1 - Pool stats (total=10, active=0, idle=10, waiting=0)
2023-05-13 10:50:48,094 DEBUG c.z.h.p.HikariPool [HikariPool-1 housekeeper] HikariPool-1 - Fill pool skipped, pool has sufficient level or currently being filled (queueDepth=0).
2023-05-13 10:51:00,092 INFO c.z.h.HikariDataSource [SpringApplicationShutdownHook] HikariPool-1 - Shutdown initiated...
2023-05-13 10:51:00,093 DEBUG c.z.h.p.HikariPool [SpringApplicationShutdownHook] HikariPool-1 - Before shutdown stats (total=10, active=0, idle=10, waiting=0)
2023-05-13 10:51:00,096 DEBUG c.z.h.p.PoolBase [HikariPool-1 connection closer] HikariPool-1 - Closing connection com.mysql.cj.jdbc.ConnectionImpl@64dc86c6: (connection evicted)
2023-05-13 10:51:00,111 DEBUG c.z.h.p.PoolBase [HikariPool-1 connection closer] HikariPool-1 - Closing connection com.mysql.cj.jdbc.ConnectionImpl@2d4f4929: (connection evicted)
2023-05-13 10:51:00,113 DEBUG c.z.h.p.PoolBase [HikariPool-1 connection closer] HikariPool-1 - Closing connection com.mysql.cj.jdbc.ConnectionImpl@6c724312: (connection evicted)
2023-05-13 10:51:00,114 DEBUG c.z.h.p.PoolBase [HikariPool-1 connection closer] HikariPool-1 - Closing connection com.mysql.cj.jdbc.ConnectionImpl@5d542a3f: (connection evicted)
2023-05-13 10:51:00,115 DEBUG c.z.h.p.PoolBase [HikariPool-1 connection closer] HikariPool-1 - Closing connection com.mysql.cj.jdbc.ConnectionImpl@c5dbc5d: (connection evicted)
2023-05-13 10:51:00,116 DEBUG c.z.h.p.PoolBase [HikariPool-1 connection closer] HikariPool-1 - Closing connection com.mysql.cj.jdbc.ConnectionImpl@53601c0b: (connection evicted)
2023-05-13 10:51:00,117 DEBUG c.z.h.p.PoolBase [HikariPool-1 connection closer] HikariPool-1 - Closing connection com.mysql.cj.jdbc.ConnectionImpl@81344b1: (connection evicted)
2023-05-13 10:51:00,118 DEBUG c.z.h.p.PoolBase [HikariPool-1 connection closer] HikariPool-1 - Closing connection com.mysql.cj.jdbc.ConnectionImpl@2c319ae1: (connection evicted)
2023-05-13 10:51:00,119 DEBUG c.z.h.p.PoolBase [HikariPool-1 connection closer] HikariPool-1 - Closing connection com.mysql.cj.jdbc.ConnectionImpl@61e4bd5b: (connection evicted)
2023-05-13 10:51:00,119 DEBUG c.z.h.p.PoolBase [HikariPool-1 connection closer] HikariPool-1 - Closing connection com.mysql.cj.jdbc.ConnectionImpl@5498e3c6: (connection evicted)
2023-05-13 10:51:00,120 DEBUG c.z.h.p.HikariPool [SpringApplicationShutdownHook] HikariPool-1 - After shutdown stats (total=0, active=0, idle=0, waiting=0)
2023-05-13 10:51:00,121 INFO c.z.h.HikariDataSource [SpringApplicationShutdownHook] HikariPool-1 - Shutdown completed.
2023-05-13 10:51:39,775 DEBUG o.j.l.LoggerProviders [background-preinit] Logging Provider: org.jboss.logging.Slf4jLoggerProvider found via system property
2023-05-13 10:51:39,884 INFO o.s.b.StartupInfoLogger [main] Starting CarsApiApplication using Java 17.0.7 with PID 15908 (C:\Users\santi\Desktop\Prácticas 2º Cuatrimestre\API\CarsApi-develop\target\classes started by santi in C:\Users\santi\Desktop\Prácticas 2º Cuatrimestre\API\CarsApi-develop)
2023-05-13 10:51:39,886 DEBUG o.s.b.StartupInfoLogger [main] Running with Spring Boot v3.0.1, Spring v6.0.3
2023-05-13 10:51:39,888 INFO o.s.b.SpringApplication [main] No active profile set, falling back to 1 default profile: "default"
2023-05-13 10:51:42,162 INFO o.a.j.l.DirectJDKLog [main] Initializing ProtocolHandler ["http-nio-8080"]
2023-05-13 10:51:42,165 INFO o.a.j.l.DirectJDKLog [main] Starting service [Tomcat]
2023-05-13 10:51:42,166 INFO o.a.j.l.DirectJDKLog [main] Starting Servlet engine: [Apache Tomcat/10.1.4]
2023-05-13 10:51:42,364 INFO o.a.j.l.DirectJDKLog [main] Initializing Spring embedded WebApplicationContext
2023-05-13 10:51:42,480 DEBUG c.z.h.HikariConfig [main] Driver class com.mysql.cj.jdbc.Driver found in Thread context class loader jdk.internal.loader.ClassLoaders$AppClassLoader@2a139a55
2023-05-13 10:51:43,005 WARN o.h.b.i.MetadataBuilderImpl$MetadataBuildingOptionsImpl [main] HHH90000021: Encountered deprecated setting [javax.persistence.sharedCache.mode], use [jakarta.persistence.sharedCache.mode] instead
2023-05-13 10:51:43,211 DEBUG c.z.h.HikariConfig [main] HikariPool-1 - configuration:
2023-05-13 10:51:43,218 DEBUG c.z.h.HikariConfig [main] allowPoolSuspension.............false
2023-05-13 10:51:43,220 DEBUG c.z.h.HikariConfig [main] autoCommit......................true
2023-05-13 10:51:43,221 DEBUG c.z.h.HikariConfig [main] catalog.........................none
2023-05-13 10:51:43,222 DEBUG c.z.h.HikariConfig [main] connectionInitSql...............none
2023-05-13 10:51:43,223 DEBUG c.z.h.HikariConfig [main] connectionTestQuery.............none
2023-05-13 10:51:43,225 DEBUG c.z.h.HikariConfig [main] connectionTimeout...............30000
2023-05-13 10:51:43,227 DEBUG c.z.h.HikariConfig [main] dataSource......................none
2023-05-13 10:51:43,227 DEBUG c.z.h.HikariConfig [main] dataSourceClassName.............none
2023-05-13 10:51:43,228 DEBUG c.z.h.HikariConfig [main] dataSourceJNDI..................none
2023-05-13 10:51:43,229 DEBUG c.z.h.HikariConfig [main] dataSourceProperties............{password=<masked>}
2023-05-13 10:51:43,230 DEBUG c.z.h.HikariConfig [main] driverClassName................."com.mysql.cj.jdbc.Driver"
2023-05-13 10:51:43,231 DEBUG c.z.h.HikariConfig [main] exceptionOverrideClassName......none
2023-05-13 10:51:43,232 DEBUG c.z.h.HikariConfig [main] healthCheckProperties...........{}
2023-05-13 10:51:43,235 DEBUG c.z.h.HikariConfig [main] healthCheckRegistry.............none
2023-05-13 10:51:43,236 DEBUG c.z.h.HikariConfig [main] idleTimeout.....................600000
2023-05-13 10:51:43,237 DEBUG c.z.h.HikariConfig [main] initializationFailTimeout.......1
2023-05-13 10:51:43,238 DEBUG c.z.h.HikariConfig [main] isolateInternalQueries..........false
2023-05-13 10:51:43,239 DEBUG c.z.h.HikariConfig [main] jdbcUrl.........................jdbc:mysql://localhost:3306/carsapidb
2023-05-13 10:51:43,240 DEBUG c.z.h.HikariConfig [main] keepaliveTime...................0
2023-05-13 10:51:43,241 DEBUG c.z.h.HikariConfig [main] leakDetectionThreshold..........0
2023-05-13 10:51:43,243 DEBUG c.z.h.HikariConfig [main] maxLifetime.....................1800000
2023-05-13 10:51:43,245 DEBUG c.z.h.HikariConfig [main] maximumPoolSize.................10
2023-05-13 10:51:43,245 DEBUG c.z.h.HikariConfig [main] metricRegistry..................none
2023-05-13 10:51:43,246 DEBUG c.z.h.HikariConfig [main] metricsTrackerFactory...........none
2023-05-13 10:51:43,247 DEBUG c.z.h.HikariConfig [main] minimumIdle.....................10
2023-05-13 10:51:43,250 DEBUG c.z.h.HikariConfig [main] password........................<masked>
2023-05-13 10:51:43,251 DEBUG c.z.h.HikariConfig [main] poolName........................"HikariPool-1"
2023-05-13 10:51:43,252 DEBUG c.z.h.HikariConfig [main] readOnly........................false
2023-05-13 10:51:43,254 DEBUG c.z.h.HikariConfig [main] registerMbeans..................false
2023-05-13 10:51:43,257 DEBUG c.z.h.HikariConfig [main] scheduledExecutor...............none
2023-05-13 10:51:43,258 DEBUG c.z.h.HikariConfig [main] schema..........................none
2023-05-13 10:51:43,259 DEBUG c.z.h.HikariConfig [main] threadFactory...................internal
2023-05-13 10:51:43,260 DEBUG c.z.h.HikariConfig [main] transactionIsolation............default
2023-05-13 10:51:43,260 DEBUG c.z.h.HikariConfig [main] username........................"root"
2023-05-13 10:51:43,261 DEBUG c.z.h.HikariConfig [main] validationTimeout...............5000
2023-05-13 10:51:43,261 INFO c.z.h.HikariDataSource [main] HikariPool-1 - Starting...
2023-05-13 10:51:43,594 INFO c.z.h.p.HikariPool [main] HikariPool-1 - Added connection com.mysql.cj.jdbc.ConnectionImpl@34aa8b61
2023-05-13 10:51:43,599 INFO c.z.h.HikariDataSource [main] HikariPool-1 - Start completed.
2023-05-13 10:51:43,692 INFO o.h.e.j.d.i.DialectFactoryImpl [main] HHH000400: Using dialect: org.hibernate.dialect.MySQLDialect
2023-05-13 10:51:43,699 DEBUG c.z.h.p.HikariPool [HikariPool-1 housekeeper] HikariPool-1 - Pool stats (total=1, active=1, idle=0, waiting=0)
2023-05-13 10:51:43,710 DEBUG c.z.h.p.HikariPool$PoolEntryCreator [HikariPool-1 connection adder] HikariPool-1 - Added connection com.mysql.cj.jdbc.ConnectionImpl@109a709f
2023-05-13 10:51:43,734 DEBUG c.z.h.p.HikariPool$PoolEntryCreator [HikariPool-1 connection adder] HikariPool-1 - Added connection com.mysql.cj.jdbc.ConnectionImpl@51a77aa4
2023-05-13 10:51:43,765 DEBUG c.z.h.p.HikariPool$PoolEntryCreator [HikariPool-1 connection adder] HikariPool-1 - Added connection com.mysql.cj.jdbc.ConnectionImpl@603c6b62
2023-05-13 10:51:43,797 DEBUG c.z.h.p.HikariPool$PoolEntryCreator [HikariPool-1 connection adder] HikariPool-1 - Added connection com.mysql.cj.jdbc.ConnectionImpl@318885eb
2023-05-13 10:51:43,827 DEBUG c.z.h.p.HikariPool$PoolEntryCreator [HikariPool-1 connection adder] HikariPool-1 - Added connection com.mysql.cj.jdbc.ConnectionImpl@1ee9044a
2023-05-13 10:51:43,857 DEBUG c.z.h.p.HikariPool$PoolEntryCreator [HikariPool-1 connection adder] HikariPool-1 - Added connection com.mysql.cj.jdbc.ConnectionImpl@35c6d8da
2023-05-13 10:51:43,875 DEBUG c.z.h.p.HikariPool$PoolEntryCreator [HikariPool-1 connection adder] HikariPool-1 - Added connection com.mysql.cj.jdbc.ConnectionImpl@70591d4b
2023-05-13 10:51:43,910 DEBUG c.z.h.p.HikariPool$PoolEntryCreator [HikariPool-1 connection adder] HikariPool-1 - Added connection com.mysql.cj.jdbc.ConnectionImpl@4a4636cc
2023-05-13 10:51:43,944 DEBUG c.z.h.p.HikariPool$PoolEntryCreator [HikariPool-1 connection adder] HikariPool-1 - Added connection com.mysql.cj.jdbc.ConnectionImpl@516bda5f
2023-05-13 10:51:43,963 DEBUG c.z.h.p.HikariPool [HikariPool-1 connection adder] HikariPool-1 - After adding stats (total=10, active=0, idle=10, waiting=0)
2023-05-13 10:51:46,178 WARN o.s.b.a.o.j.JpaBaseConfiguration$JpaWebConfiguration [main] spring.jpa.open-in-view is enabled by default. Therefore, database queries may be performed during view rendering. Explicitly configure spring.jpa.open-in-view to disable this warning
2023-05-13 10:51:46,452 DEBUG o.s.w.s.h.AbstractHandlerMethodMapping [main] 
	c.s.c.c.AlquilerController:
	{POST [/alquiler]}: addRent(AlquilerDTO)
	{PUT [/alquileres/{id}]}: modificarAlquiler(long,Alquiler)
	{DELETE [/alquileres/{id}]}: eliminarAlquiler(long)
	{GET [/alquileres]}: getAlquiler()
	{GET [/alquiler/{id}]}: getAlquiler(long)
2023-05-13 10:51:46,461 DEBUG o.s.w.s.h.AbstractHandlerMethodMapping [main] 
	c.s.c.c.CiudadController:
	{GET [/ciudades]}: getCiudades()
	{PUT [/ciudades/{id}]}: modificarCiudad(long,Ciudad)
	{DELETE [/ciudades/{id}]}: eliminarCiudad(long)
	{GET [/ciudad/{id}]}: getCiudad(long)
	{POST [/ciudades]}: añadirCiudad(Ciudad)
2023-05-13 10:51:46,466 DEBUG o.s.w.s.h.AbstractHandlerMethodMapping [main] 
	c.s.c.c.CocheController:
	{POST [/coches]}: añadirCoche(Coche)
	{PUT [/coches/{id}]}: modificarCoche(long,Coche)
	{GET [/coches]}: getCoches(String,String,String,boolean)
	{GET [/coches/{id}]}: getCoche(long)
	{DELETE [/coches/{id}]}: eliminarCoche(long)
2023-05-13 10:51:46,469 DEBUG o.s.w.s.h.AbstractHandlerMethodMapping [main] 
	c.s.c.c.OficinaController:
	{GET [/oficinas/{id}]}: getOficina(long)
	{GET [/oficinas]}: getOficina(String)
	{PUT [/oficinas/{id}]}: modificarOficina(long,Oficina)
	{DELETE [/oficinas/{id}]}: eliminarOficina(long)
	{POST [/oficinas]}: addOffice(OficinaDTO)
2023-05-13 10:51:46,472 DEBUG o.s.w.s.h.AbstractHandlerMethodMapping [main] 
	c.s.c.c.UsuarioController:
	{GET [/usuarios]}: getUsuarios()
	{PUT [/usuarios/{id}]}: modificarUsuario(long,Usuario)
	{POST [/usuarios]}: añadirUsuario(Usuario)
	{DELETE [/usuarios/{id}]}: eliminarUsuario(long)
	{GET [/usuarios/dni/{dni}]}: getUsuarioByDni(String)
	{GET [/usuarios/{id}]}: getUsuario(long)
2023-05-13 10:51:46,478 DEBUG o.s.w.s.h.AbstractHandlerMethodMapping [main] 
	o.s.b.a.w.s.e.BasicErrorController:
	{ [/error]}: error(HttpServletRequest)
	{ [/error], produces [text/html]}: errorHtml(HttpServletRequest,HttpServletResponse)
2023-05-13 10:51:46,500 DEBUG o.s.w.s.h.AbstractDetectingUrlHandlerMapping [main] 'beanNameHandlerMapping' {}
2023-05-13 10:51:46,526 DEBUG o.s.w.s.h.SimpleUrlHandlerMapping [main] 'resourceHandlerMapping' {/webjars/**=ResourceHttpRequestHandler [classpath [META-INF/resources/webjars/]], /**=ResourceHttpRequestHandler [classpath [META-INF/resources/], classpath [resources/], classpath [static/], classpath [public/], ServletContext [/]]}
2023-05-13 10:51:46,770 INFO o.a.j.l.DirectJDKLog [main] Starting ProtocolHandler ["http-nio-8080"]
2023-05-13 10:51:46,811 INFO o.s.b.StartupInfoLogger [main] Started CarsApiApplication in 7.625 seconds (process running for 9.29)
2023-05-13 10:52:02,836 INFO o.a.j.l.DirectJDKLog [http-nio-8080-exec-1] Initializing Spring DispatcherServlet 'dispatcherServlet'
2023-05-13 10:52:02,926 INFO c.s.c.c.CocheController [http-nio-8080-exec-1] llamada al método listar coches
2023-05-13 10:52:02,928 INFO c.s.c.c.CocheController [http-nio-8080-exec-1] Filtrado por brand, model, license
2023-05-13 10:52:03,196 INFO c.s.c.c.CocheController [http-nio-8080-exec-1] Fin getBikes
2023-05-13 10:52:08,157 INFO c.s.c.c.CocheController [http-nio-8080-exec-2] llamada al método listar coches
2023-05-13 10:52:08,159 INFO c.s.c.c.CocheController [http-nio-8080-exec-2] Filtrado por brand, model, license
2023-05-13 10:52:08,165 INFO c.s.c.c.CocheController [http-nio-8080-exec-2] Fin getBikes
2023-05-13 10:52:10,567 INFO c.s.c.c.CocheController [http-nio-8080-exec-3] llamada al método listar coches
2023-05-13 10:52:10,569 INFO c.s.c.c.CocheController [http-nio-8080-exec-3] Filtrado por brand, model, license
2023-05-13 10:52:10,575 INFO c.s.c.c.CocheController [http-nio-8080-exec-3] Fin getBikes
2023-05-13 10:52:10,903 INFO c.s.c.c.CocheController [http-nio-8080-exec-4] llamada al método listar coches
2023-05-13 10:52:10,904 INFO c.s.c.c.CocheController [http-nio-8080-exec-4] Filtrado por brand, model, license
2023-05-13 10:52:10,910 INFO c.s.c.c.CocheController [http-nio-8080-exec-4] Fin getBikes
2023-05-13 10:52:11,666 INFO c.s.c.c.CocheController [http-nio-8080-exec-5] llamada al método listar coches
2023-05-13 10:52:11,667 INFO c.s.c.c.CocheController [http-nio-8080-exec-5] Filtrado por brand, model, license
2023-05-13 10:52:11,674 INFO c.s.c.c.CocheController [http-nio-8080-exec-5] Fin getBikes
2023-05-13 10:52:11,885 INFO c.s.c.c.CocheController [http-nio-8080-exec-6] llamada al método listar coches
2023-05-13 10:52:11,886 INFO c.s.c.c.CocheController [http-nio-8080-exec-6] Filtrado por brand, model, license
2023-05-13 10:52:11,894 INFO c.s.c.c.CocheController [http-nio-8080-exec-6] Fin getBikes
2023-05-13 10:52:12,118 INFO c.s.c.c.CocheController [http-nio-8080-exec-7] llamada al método listar coches
2023-05-13 10:52:12,119 INFO c.s.c.c.CocheController [http-nio-8080-exec-7] Filtrado por brand, model, license
2023-05-13 10:52:12,126 INFO c.s.c.c.CocheController [http-nio-8080-exec-7] Fin getBikes
2023-05-13 10:52:12,315 INFO c.s.c.c.CocheController [http-nio-8080-exec-8] llamada al método listar coches
2023-05-13 10:52:12,317 INFO c.s.c.c.CocheController [http-nio-8080-exec-8] Mostrado de todos los coches
2023-05-13 10:52:12,385 INFO c.s.c.c.CocheController [http-nio-8080-exec-8] Fin getBikes
2023-05-13 10:52:13,707 DEBUG c.z.h.p.HikariPool [HikariPool-1 housekeeper] HikariPool-1 - Pool stats (total=10, active=0, idle=10, waiting=0)
2023-05-13 10:52:13,710 DEBUG c.z.h.p.HikariPool [HikariPool-1 housekeeper] HikariPool-1 - Fill pool skipped, pool has sufficient level or currently being filled (queueDepth=0).
2023-05-13 10:52:32,324 INFO c.s.c.c.CocheController [http-nio-8080-exec-9] obtenido un Id del coche a modificar
2023-05-13 10:52:35,882 INFO c.s.c.c.CocheController [http-nio-8080-exec-10] llamada al método listar coches
2023-05-13 10:52:35,884 INFO c.s.c.c.CocheController [http-nio-8080-exec-10] Mostrado de todos los coches
2023-05-13 10:52:35,893 INFO c.s.c.c.CocheController [http-nio-8080-exec-10] Fin getBikes
2023-05-13 10:52:41,059 INFO c.s.c.c.CocheController [http-nio-8080-exec-1] llamada al método listar coches
2023-05-13 10:52:41,082 INFO c.s.c.c.CocheController [http-nio-8080-exec-1] Filtrado por brand, model, license
2023-05-13 10:52:41,130 INFO c.s.c.c.CocheController [http-nio-8080-exec-1] Fin getBikes
2023-05-13 10:52:43,730 DEBUG c.z.h.p.HikariPool [HikariPool-1 housekeeper] HikariPool-1 - Pool stats (total=10, active=0, idle=10, waiting=0)
2023-05-13 10:52:43,742 DEBUG c.z.h.p.HikariPool [HikariPool-1 housekeeper] HikariPool-1 - Fill pool skipped, pool has sufficient level or currently being filled (queueDepth=0).
2023-05-13 10:52:44,655 INFO c.s.c.c.CocheController [http-nio-8080-exec-2] llamada al método listar coches
2023-05-13 10:52:44,656 INFO c.s.c.c.CocheController [http-nio-8080-exec-2] Mostrado de todos los coches
2023-05-13 10:52:44,662 INFO c.s.c.c.CocheController [http-nio-8080-exec-2] Fin getBikes
2023-05-13 10:53:13,767 DEBUG c.z.h.p.HikariPool [HikariPool-1 housekeeper] HikariPool-1 - Pool stats (total=10, active=0, idle=10, waiting=0)
2023-05-13 10:53:13,769 DEBUG c.z.h.p.HikariPool [HikariPool-1 housekeeper] HikariPool-1 - Fill pool skipped, pool has sufficient level or currently being filled (queueDepth=0).
2023-05-13 10:53:27,218 INFO c.s.c.c.CocheController [http-nio-8080-exec-3] obtenido un Id del coche a modificar
2023-05-13 10:53:30,452 INFO c.s.c.c.CocheController [http-nio-8080-exec-4] llamada al método listar coches
2023-05-13 10:53:30,459 INFO c.s.c.c.CocheController [http-nio-8080-exec-4] Mostrado de todos los coches
2023-05-13 10:53:30,471 INFO c.s.c.c.CocheController [http-nio-8080-exec-4] Fin getBikes
2023-05-13 10:53:43,783 DEBUG c.z.h.p.HikariPool [HikariPool-1 housekeeper] HikariPool-1 - Pool stats (total=10, active=0, idle=10, waiting=0)
2023-05-13 10:53:43,788 DEBUG c.z.h.p.HikariPool [HikariPool-1 housekeeper] HikariPool-1 - Fill pool skipped, pool has sufficient level or currently being filled (queueDepth=0).
2023-05-13 10:54:13,795 DEBUG c.z.h.p.HikariPool [HikariPool-1 housekeeper] HikariPool-1 - Pool stats (total=10, active=0, idle=10, waiting=0)
2023-05-13 10:54:13,796 DEBUG c.z.h.p.HikariPool [HikariPool-1 housekeeper] HikariPool-1 - Fill pool skipped, pool has sufficient level or currently being filled (queueDepth=0).
2023-05-13 10:54:43,809 DEBUG c.z.h.p.HikariPool [HikariPool-1 housekeeper] HikariPool-1 - Pool stats (total=10, active=0, idle=10, waiting=0)
2023-05-13 10:54:43,828 DEBUG c.z.h.p.HikariPool [HikariPool-1 housekeeper] HikariPool-1 - Fill pool skipped, pool has sufficient level or currently being filled (queueDepth=0).
2023-05-13 10:55:12,194 INFO c.s.c.c.CocheController [http-nio-8080-exec-9] llamada al método listar coches
2023-05-13 10:55:12,191 INFO c.s.c.c.CocheController [http-nio-8080-exec-8] llamada al método listar coches
2023-05-13 10:55:12,197 INFO c.s.c.c.CocheController [http-nio-8080-exec-9] Mostrado de todos los coches
2023-05-13 10:55:12,200 INFO c.s.c.c.CocheController [http-nio-8080-exec-8] Mostrado de todos los coches
2023-05-13 10:55:12,212 INFO c.s.c.c.CocheController [http-nio-8080-exec-8] Fin getBikes
2023-05-13 10:55:12,217 INFO c.s.c.c.CocheController [http-nio-8080-exec-9] Fin getBikes
2023-05-13 10:55:13,841 DEBUG c.z.h.p.HikariPool [HikariPool-1 housekeeper] HikariPool-1 - Pool stats (total=10, active=0, idle=10, waiting=0)
2023-05-13 10:55:13,845 DEBUG c.z.h.p.HikariPool [HikariPool-1 housekeeper] HikariPool-1 - Fill pool skipped, pool has sufficient level or currently being filled (queueDepth=0).
2023-05-13 10:55:30,259 INFO c.s.c.c.CocheController [http-nio-8080-exec-10] obtenido un Id del coche a modificar
2023-05-13 10:55:33,913 INFO c.s.c.c.CocheController [http-nio-8080-exec-1] llamada al método listar coches
2023-05-13 10:55:33,918 INFO c.s.c.c.CocheController [http-nio-8080-exec-1] Mostrado de todos los coches
2023-05-13 10:55:33,929 INFO c.s.c.c.CocheController [http-nio-8080-exec-1] Fin getBikes
2023-05-13 10:55:43,863 DEBUG c.z.h.p.HikariPool [HikariPool-1 housekeeper] HikariPool-1 - Pool stats (total=10, active=0, idle=10, waiting=0)
2023-05-13 10:55:43,867 DEBUG c.z.h.p.HikariPool [HikariPool-1 housekeeper] HikariPool-1 - Fill pool skipped, pool has sufficient level or currently being filled (queueDepth=0).
2023-05-13 10:55:55,444 INFO c.s.c.c.CocheController [http-nio-8080-exec-2] llamada al método listar coches
2023-05-13 10:55:55,445 INFO c.s.c.c.CocheController [http-nio-8080-exec-2] Filtrado por brand, model, license
2023-05-13 10:55:55,452 INFO c.s.c.c.CocheController [http-nio-8080-exec-2] Fin getBikes
2023-05-13 10:55:57,124 INFO c.s.c.c.CocheController [http-nio-8080-exec-3] llamada al método listar coches
2023-05-13 10:55:57,126 INFO c.s.c.c.CocheController [http-nio-8080-exec-3] Filtrado por brand, model, license
2023-05-13 10:55:57,133 INFO c.s.c.c.CocheController [http-nio-8080-exec-3] Fin getBikes
2023-05-13 10:55:57,386 INFO c.s.c.c.CocheController [http-nio-8080-exec-4] llamada al método listar coches
2023-05-13 10:55:57,414 INFO c.s.c.c.CocheController [http-nio-8080-exec-4] Filtrado por brand, model, license
2023-05-13 10:55:57,455 INFO c.s.c.c.CocheController [http-nio-8080-exec-4] Fin getBikes
2023-05-13 10:56:04,672 INFO c.s.c.c.CocheController [http-nio-8080-exec-5] llamada al método listar coches
2023-05-13 10:56:04,679 INFO c.s.c.c.CocheController [http-nio-8080-exec-5] Mostrado de todos los coches
2023-05-13 10:56:04,700 INFO c.s.c.c.CocheController [http-nio-8080-exec-5] Fin getBikes
2023-05-13 10:56:08,078 INFO c.s.c.c.CocheController [http-nio-8080-exec-6] llamada al método listar coches
2023-05-13 10:56:08,080 INFO c.s.c.c.CocheController [http-nio-8080-exec-6] Filtrado por brand, model, license
2023-05-13 10:56:08,085 INFO c.s.c.c.CocheController [http-nio-8080-exec-6] Fin getBikes
2023-05-13 10:56:08,222 INFO c.s.c.c.CocheController [http-nio-8080-exec-7] llamada al método listar coches
2023-05-13 10:56:08,224 INFO c.s.c.c.CocheController [http-nio-8080-exec-7] Filtrado por brand, model, license
2023-05-13 10:56:08,252 INFO c.s.c.c.CocheController [http-nio-8080-exec-7] Fin getBikes
2023-05-13 10:56:09,505 INFO c.s.c.c.CocheController [http-nio-8080-exec-8] llamada al método listar coches
2023-05-13 10:56:09,506 INFO c.s.c.c.CocheController [http-nio-8080-exec-8] Filtrado por brand, model, license
2023-05-13 10:56:09,514 INFO c.s.c.c.CocheController [http-nio-8080-exec-8] Fin getBikes
2023-05-13 10:56:09,821 INFO c.s.c.c.CocheController [http-nio-8080-exec-9] llamada al método listar coches
2023-05-13 10:56:09,831 INFO c.s.c.c.CocheController [http-nio-8080-exec-9] Filtrado por brand, model, license
2023-05-13 10:56:09,850 INFO c.s.c.c.CocheController [http-nio-8080-exec-9] Fin getBikes
2023-05-13 10:56:13,884 DEBUG c.z.h.p.HikariPool [HikariPool-1 housekeeper] HikariPool-1 - Pool stats (total=10, active=0, idle=10, waiting=0)
2023-05-13 10:56:13,886 DEBUG c.z.h.p.HikariPool [HikariPool-1 housekeeper] HikariPool-1 - Fill pool skipped, pool has sufficient level or currently being filled (queueDepth=0).
2023-05-13 10:56:18,532 INFO c.s.c.c.CocheController [http-nio-8080-exec-1] llamada al método listar coches
2023-05-13 10:56:18,536 INFO c.s.c.c.CocheController [http-nio-8080-exec-1] Mostrado de todos los coches
2023-05-13 10:56:18,545 INFO c.s.c.c.CocheController [http-nio-8080-exec-1] Fin getBikes
2023-05-13 10:56:20,071 INFO c.s.c.c.CocheController [http-nio-8080-exec-2] llamada al método listar coches
2023-05-13 10:56:20,077 INFO c.s.c.c.CocheController [http-nio-8080-exec-2] Filtrado por brand, model, license
2023-05-13 10:56:20,087 INFO c.s.c.c.CocheController [http-nio-8080-exec-2] Fin getBikes
2023-05-13 10:56:20,506 INFO c.s.c.c.CocheController [http-nio-8080-exec-3] llamada al método listar coches
2023-05-13 10:56:20,508 INFO c.s.c.c.CocheController [http-nio-8080-exec-3] Filtrado por brand, model, license
2023-05-13 10:56:20,518 INFO c.s.c.c.CocheController [http-nio-8080-exec-3] Fin getBikes
2023-05-13 10:56:39,492 INFO c.s.c.c.CocheController [http-nio-8080-exec-5] llamada al método listar coches
2023-05-13 10:56:39,503 INFO c.s.c.c.CocheController [http-nio-8080-exec-5] Mostrado de todos los coches
2023-05-13 10:56:39,551 INFO c.s.c.c.CocheController [http-nio-8080-exec-5] Fin getBikes
2023-05-13 10:56:43,899 DEBUG c.z.h.p.HikariPool [HikariPool-1 housekeeper] HikariPool-1 - Pool stats (total=10, active=0, idle=10, waiting=0)
2023-05-13 10:56:43,912 DEBUG c.z.h.p.HikariPool [HikariPool-1 housekeeper] HikariPool-1 - Fill pool skipped, pool has sufficient level or currently being filled (queueDepth=0).
2023-05-13 10:57:13,917 DEBUG c.z.h.p.HikariPool [HikariPool-1 housekeeper] HikariPool-1 - Pool stats (total=10, active=0, idle=10, waiting=0)
2023-05-13 10:57:13,920 DEBUG c.z.h.p.HikariPool [HikariPool-1 housekeeper] HikariPool-1 - Fill pool skipped, pool has sufficient level or currently being filled (queueDepth=0).
2023-05-13 10:57:43,931 DEBUG c.z.h.p.HikariPool [HikariPool-1 housekeeper] HikariPool-1 - Pool stats (total=10, active=0, idle=10, waiting=0)
2023-05-13 10:57:43,932 DEBUG c.z.h.p.HikariPool [HikariPool-1 housekeeper] HikariPool-1 - Fill pool skipped, pool has sufficient level or currently being filled (queueDepth=0).
2023-05-13 10:58:13,965 DEBUG c.z.h.p.HikariPool [HikariPool-1 housekeeper] HikariPool-1 - Pool stats (total=10, active=0, idle=10, waiting=0)
2023-05-13 10:58:13,968 DEBUG c.z.h.p.HikariPool [HikariPool-1 housekeeper] HikariPool-1 - Fill pool skipped, pool has sufficient level or currently being filled (queueDepth=0).
2023-05-13 10:58:43,980 DEBUG c.z.h.p.HikariPool [HikariPool-1 housekeeper] HikariPool-1 - Pool stats (total=10, active=0, idle=10, waiting=0)
2023-05-13 10:58:43,986 DEBUG c.z.h.p.HikariPool [HikariPool-1 housekeeper] HikariPool-1 - Fill pool skipped, pool has sufficient level or currently being filled (queueDepth=0).
2023-05-13 10:59:14,277 DEBUG c.z.h.p.HikariPool [HikariPool-1 housekeeper] HikariPool-1 - Pool stats (total=10, active=0, idle=10, waiting=0)
2023-05-13 10:59:14,303 DEBUG c.z.h.p.HikariPool [HikariPool-1 housekeeper] HikariPool-1 - Fill pool skipped, pool has sufficient level or currently being filled (queueDepth=0).
2023-05-13 10:59:44,821 DEBUG c.z.h.p.HikariPool [HikariPool-1 housekeeper] HikariPool-1 - Pool stats (total=10, active=0, idle=10, waiting=0)
2023-05-13 10:59:44,838 DEBUG c.z.h.p.HikariPool [HikariPool-1 housekeeper] HikariPool-1 - Fill pool skipped, pool has sufficient level or currently being filled (queueDepth=0).
2023-05-13 11:00:14,852 DEBUG c.z.h.p.HikariPool [HikariPool-1 housekeeper] HikariPool-1 - Pool stats (total=10, active=0, idle=10, waiting=0)
2023-05-13 11:00:14,855 DEBUG c.z.h.p.HikariPool [HikariPool-1 housekeeper] HikariPool-1 - Fill pool skipped, pool has sufficient level or currently being filled (queueDepth=0).
2023-05-13 11:00:44,869 DEBUG c.z.h.p.HikariPool [HikariPool-1 housekeeper] HikariPool-1 - Pool stats (total=10, active=0, idle=10, waiting=0)
2023-05-13 11:00:44,877 DEBUG c.z.h.p.HikariPool [HikariPool-1 housekeeper] HikariPool-1 - Fill pool skipped, pool has sufficient level or currently being filled (queueDepth=0).
2023-05-13 11:01:00,752 INFO c.z.h.HikariDataSource [SpringApplicationShutdownHook] HikariPool-1 - Shutdown initiated...
2023-05-13 11:01:00,752 DEBUG c.z.h.p.HikariPool [SpringApplicationShutdownHook] HikariPool-1 - Before shutdown stats (total=10, active=0, idle=10, waiting=0)
2023-05-13 11:01:00,756 DEBUG c.z.h.p.PoolBase [HikariPool-1 connection closer] HikariPool-1 - Closing connection com.mysql.cj.jdbc.ConnectionImpl@34aa8b61: (connection evicted)
2023-05-13 11:01:00,763 DEBUG c.z.h.p.PoolBase [HikariPool-1 connection closer] HikariPool-1 - Closing connection com.mysql.cj.jdbc.ConnectionImpl@109a709f: (connection evicted)
2023-05-13 11:01:00,764 DEBUG c.z.h.p.PoolBase [HikariPool-1 connection closer] HikariPool-1 - Closing connection com.mysql.cj.jdbc.ConnectionImpl@51a77aa4: (connection evicted)
2023-05-13 11:01:00,765 DEBUG c.z.h.p.PoolBase [HikariPool-1 connection closer] HikariPool-1 - Closing connection com.mysql.cj.jdbc.ConnectionImpl@603c6b62: (connection evicted)
2023-05-13 11:01:00,765 DEBUG c.z.h.p.PoolBase [HikariPool-1 connection closer] HikariPool-1 - Closing connection com.mysql.cj.jdbc.ConnectionImpl@318885eb: (connection evicted)
2023-05-13 11:01:00,766 DEBUG c.z.h.p.PoolBase [HikariPool-1 connection closer] HikariPool-1 - Closing connection com.mysql.cj.jdbc.ConnectionImpl@1ee9044a: (connection evicted)
2023-05-13 11:01:00,767 DEBUG c.z.h.p.PoolBase [HikariPool-1 connection closer] HikariPool-1 - Closing connection com.mysql.cj.jdbc.ConnectionImpl@35c6d8da: (connection evicted)
2023-05-13 11:01:00,767 DEBUG c.z.h.p.PoolBase [HikariPool-1 connection closer] HikariPool-1 - Closing connection com.mysql.cj.jdbc.ConnectionImpl@70591d4b: (connection evicted)
2023-05-13 11:01:00,770 DEBUG c.z.h.p.PoolBase [HikariPool-1 connection closer] HikariPool-1 - Closing connection com.mysql.cj.jdbc.ConnectionImpl@4a4636cc: (connection evicted)
2023-05-13 11:01:00,771 DEBUG c.z.h.p.PoolBase [HikariPool-1 connection closer] HikariPool-1 - Closing connection com.mysql.cj.jdbc.ConnectionImpl@516bda5f: (connection evicted)
2023-05-13 11:01:00,772 DEBUG c.z.h.p.HikariPool [SpringApplicationShutdownHook] HikariPool-1 - After shutdown stats (total=0, active=0, idle=0, waiting=0)
2023-05-13 11:01:00,774 INFO c.z.h.HikariDataSource [SpringApplicationShutdownHook] HikariPool-1 - Shutdown completed.
